<?xml version="1.0" encoding="UTF-8"?>
<!-- Generated by org.testng.reporters.JUnitReportReporter -->
<testsuite hostname="DESKTOP-A86N5DL" failures="0" tests="4" name="testNG.DroganddropAssignments" time="21.934" errors="0" timestamp="2021-11-03T20:21:36 IST" skipped="0">
  <testcase classname="testNG.DroganddropAssignments" name="f1" time="5.403"/>
  <system-out/>
  <testcase classname="testNG.DroganddropAssignments" name="f2" time="5.347"/>
  <system-out/>
  <testcase classname="testNG.DroganddropAssignments" name="f" time="5.775"/>
  <system-out/>
  <testcase classname="testNG.DroganddropAssignments" name="f3" time="5.409"/>
  <system-out/>
</testsuite> <!-- testNG.DroganddropAssignments -->
