<?xml version="1.0" encoding="UTF-8"?>
<!-- Generated by org.testng.reporters.JUnitReportReporter -->
<testsuite hostname="DESKTOP-A86N5DL" failures="0" tests="1" name="testNG.collegeweeklivesignup" time="24.617" errors="0" timestamp="2021-10-22T14:45:22 IST" skipped="0">
  <testcase classname="testNG.collegeweeklivesignup" name="signup" time="24.617"/>
  <system-out/>
</testsuite> <!-- testNG.collegeweeklivesignup -->
