<?xml version="1.0" encoding="UTF-8"?>
<!-- Generated by org.testng.reporters.JUnitReportReporter -->
<testsuite hostname="DESKTOP-A86N5DL" failures="0" tests="1" name="test_NG.FBlogin" time="8.100" errors="0" timestamp="2021-10-20T07:48:58 IST" skipped="0">
  <testcase classname="test_NG.FBlogin" name="f" time="8.100"/>
  <system-out/>
</testsuite> <!-- test_NG.FBlogin -->
