<?xml version="1.0" encoding="UTF-8"?>
<!-- Generated by org.testng.reporters.JUnitReportReporter -->
<testsuite hostname="DESKTOP-A86N5DL" failures="0" tests="1" name="test_NG.NewTest" time="9.367" errors="0" timestamp="2021-10-07T06:44:24 IST" skipped="0">
  <testcase classname="test_NG.NewTest" name="f" time="9.367"/>
  <system-out/>
</testsuite> <!-- test_NG.NewTest -->
